[INFO] 13-06-2024 19:37:33 [main] LogUtils - hao test logs
[INFO] 13-06-2024 19:40:35 [main] LogUtils - hao test logs
[INFO] 13-06-2024 19:40:35 [main] LogUtils - Product name: product hao 1
[INFO] 13-06-2024 20:06:00 [main] LogUtils - hao test logs
[INFO] 13-06-2024 20:06:00 [main] LogUtils - Product name: product hao 1
[INFO] 13-06-2024 20:08:19 [main] LogUtils - hao test logs
[INFO] 13-06-2024 20:08:19 [main] LogUtils - Product name: product hao 1
[INFO] 13-06-2024 20:13:58 [main] LogUtils - hao test logs
[INFO] 13-06-2024 20:13:58 [main] LogUtils - Product name: product hao 1
[INFO] 13-06-2024 20:35:35 [main] LogUtils - hao test logs
[INFO] 13-06-2024 20:35:35 [main] LogUtils - Product name: product hao 1
[INFO] 13-06-2024 20:51:20 [main] LogUtils - hao test logs
[INFO] 13-06-2024 20:51:20 [main] LogUtils - Product name: product hao 1
[INFO] 13-06-2024 20:54:30 [main] LogUtils - hao test logs
[INFO] 13-06-2024 20:54:30 [main] LogUtils - Product name: product hao 1
[INFO] 13-06-2024 20:57:15 [main] LogUtils - hao test logs
[INFO] 13-06-2024 20:57:15 [main] LogUtils - Product name: product hao 1
[ERROR] 13-06-2024 21:16:18 [main] LogUtils - [Ljava.lang.StackTraceElement;@1a10c47e
[ERROR] 13-06-2024 21:21:45 [main] LogUtils - [com.haopt30.helpers.CaptureHelper.captureScreenshot(CaptureHelper.java:92), com.haopt30.KiemTra2.AddNewProduct.testCreateNewProduct(AddNewProduct.java:56), java.base/jdk.internal.reflect.DirectMethodHandleAccessor.invoke(DirectMethodHandleAccessor.java:104), java.base/java.lang.reflect.Method.invoke(Method.java:578), org.testng.internal.MethodInvocationHelper.invokeMethod(MethodInvocationHelper.java:133), org.testng.internal.TestInvoker.invokeMethod(TestInvoker.java:598), org.testng.internal.TestInvoker.invokeTestMethod(TestInvoker.java:173), org.testng.internal.MethodRunner.runInSequence(MethodRunner.java:46), org.testng.internal.TestInvoker$MethodInvocationAgent.invoke(TestInvoker.java:824), org.testng.internal.TestInvoker.invokeTestMethods(TestInvoker.java:146), org.testng.internal.TestMethodWorker.invokeTestMethods(TestMethodWorker.java:146), org.testng.internal.TestMethodWorker.run(TestMethodWorker.java:128), java.base/java.util.ArrayList.forEach(ArrayList.java:1511), org.testng.TestRunner.privateRun(TestRunner.java:794), org.testng.TestRunner.run(TestRunner.java:596), org.testng.SuiteRunner.runTest(SuiteRunner.java:377), org.testng.SuiteRunner.runSequentially(SuiteRunner.java:371), org.testng.SuiteRunner.privateRun(SuiteRunner.java:332), org.testng.SuiteRunner.run(SuiteRunner.java:276), org.testng.SuiteRunnerWorker.runSuite(SuiteRunnerWorker.java:53), org.testng.SuiteRunnerWorker.run(SuiteRunnerWorker.java:96), org.testng.TestNG.runSuitesSequentially(TestNG.java:1212), org.testng.TestNG.runSuitesLocally(TestNG.java:1134), org.testng.TestNG.runSuites(TestNG.java:1063), org.testng.TestNG.run(TestNG.java:1031), com.intellij.rt.testng.IDEARemoteTestNG.run(IDEARemoteTestNG.java:66), com.intellij.rt.testng.RemoteTestNGStarter.main(RemoteTestNGStarter.java:105)]
[INFO] 13-06-2024 21:29:12 [main] LogUtils - Screenshot taken: captureScreenshot hao test
